2024-08-31 01:05:22 - Failed login attempt for email summitmobile2@fgng.com due to non-existent email.
2024-08-31 01:07:53 - Failed login attempt for email summitmobile2@fgng.com due to non-existent email.
2024-08-31 01:07:56 - Failed login attempt for email summitmobile2@fgng.com due to non-existent email.
2024-08-31 01:07:57 - Failed login attempt for email summitmobile2@fgng.com due to non-existent email.
2024-08-31 01:07:58 - Failed login attempt for email summitmobile2@fgng.com due to non-existent email.
2024-08-31 01:09:20 - User with email felixmukhandia@gmail.com logged in successfully.
2024-08-31 01:09:46 - User with email felixmukhandia@gmail.com logged in successfully.
2024-08-31 01:10:09 - User with email felixmukhandia@gmail.com logged in successfully.
2024-08-31 01:19:01 - User with email felixmukhandia@gmail.com logged in successfully.
2024-08-31 01:20:01 - User with email felixmukhandia@gmail.com logged in successfully.
2024-08-31 01:20:38 - User with email felixmukhandia@gmail.com logged in successfully.
2024-08-31 01:29:11 - User with email felixmukhandia@gmail.com logged in successfully.
2024-08-31 01:31:23 - User with email felixmukhandia@gmail.com logged in successfully.
2024-08-31 01:32:17 - User with email felixmukhandia@gmail.com logged in successfully.
2024-08-31 01:34:16 - User with email felixmukhandia@gmail.com logged in successfully.
2024-08-31 01:35:04 - Failed login attempt for email felixmukhandiaw@gmail.com due to non-existent email.
2024-08-31 01:35:13 - Failed login attempt for email felixmukhandiaw@gmail.com due to non-existent email.
2024-08-31 01:35:17 - User with email felixmukhandia@gmail.com logged in successfully.
2024-08-31 01:35:32 - User with email felixmukhandwia@gmail.com logged in successfully.
2024-08-31 01:37:03 - User with email felixmukhandia@gmail.com logged in successfully.
2024-08-31 01:37:16 - Failed login attempt for email summitmobile2@efgng.com due to non-existent email.
2024-08-31 01:38:15 - Failed login attempt for email summitmobile2@efgng.com due to non-existent email.
2024-08-31 01:38:16 - User with email felixmukhandia@gmail.com logged in successfully.
2024-08-31 01:38:22 - User with email felixmukhandia@gmail.com logged in successfully.
2024-08-31 01:38:23 - User with email felixmukhandia@gmail.com logged in successfully.
2024-08-31 01:38:24 - User with email felixmukhandia@gmail.com logged in successfully.
2024-08-31 01:38:25 - User with email felixmukhandia@gmail.com logged in successfully.
2024-08-31 01:38:32 - User with email felixmukhandia@gmail.com logged in successfully.
2024-08-31 01:39:11 - User with email felixmukhandia@gmail.com logged in successfully.
2024-08-31 01:39:58 - User with email felixmukhandia@gmail.com logged in successfully.
2024-08-31 01:52:03 - User updated with new password. ID: 10, Name: Felix, Email: felixmukhandia@gmail.com, Role: admin
2024-08-31 01:54:22 - User with email felixmukhandia@gmail.com logged in successfully.
2024-08-31 01:54:32 - User with email felixmukhandia@gmail.com logged in successfully.
2024-08-31 01:54:44 - User updated with new password. ID: 11, Name: Wasike, Email: felixmukhandwia@gmail.com, Role: admin
2024-08-31 01:55:25 - User with email felixmukhandia@gmail.com logged in successfully.
2024-08-31 01:57:13 - User with email felixmukhandia@gmail.com logged in successfully.
2024-08-31 01:59:51 - User with email felixmukhandia@gmail.com logged in successfully.
2024-08-31 02:00:02 - User with email felixmukhandia@gmail.com logged in successfully.
2024-08-31 02:00:45 - User with email felixmukhandia@gmail.com logged in successfully.
2024-08-31 02:00:49 - User with email felixmukhandia@gmail.com logged in successfully.
2024-08-31 02:01:03 - User with email felixmukhandia@gmail.com logged in successfully.
2024-08-31 02:03:28 - User with email felixmukhandia@gmail.com logged in successfully.
2024-09-02 16:51:59 - User with email felixmukhandia@gmail.com logged in successfully.
2024-09-02 16:55:50 - User with email felixmukhandia@gmail.com logged in successfully.
2024-09-02 16:58:40 - User inserted successfully. Name: Carson, Email: carson@gmail.com, Role: superadmin
2024-09-02 16:58:57 - User with email carson@gmail.com logged in successfully.
2024-09-02 17:03:54 - User with email carson@gmail.com logged in successfully.
2024-09-02 17:04:38 - User updated with new password. ID: 10, Name: Felix, Email: felixmukhandia@gmail.com, Role: admin
2024-09-02 17:33:55 - User Felix updated without changing password. ID: 10, Name: Felix, Email: felixmukhandia@gmail.com, Role: superadmin
2024-09-02 17:53:02 - User with email carson@gmail.com logged in successfully.
2024-09-02 17:58:16 - User with email carson@gmail.com logged in successfully.
2024-09-02 17:59:06 - User with email carson@gmail.com logged in successfully.
2024-09-02 17:59:39 - User with email carson@gmail.com logged in successfully.
2024-09-02 17:59:56 - User with email carson@gmail.com logged in successfully.
2024-09-02 18:00:22 - User with email carson@gmail.com logged in successfully.
2024-09-02 18:02:19 - User with email carson@gmail.com logged in successfully.
2024-09-02 18:02:36 - User with email carson@gmail.com logged in successfully.
2024-09-02 18:25:15 - User with email carson@gmail.com logged in successfully.
2024-09-02 18:27:11 - User with email carson@gmail.com logged in successfully.
2024-09-02 19:32:05 - User with email carson@gmail.com logged in successfully.
2024-09-02 19:32:05 - User with email carson@gmail.com attempted to login with unauthorized role.
2024-09-02 19:32:14 - User with email carson@gmail.com logged in successfully.
2024-09-02 19:32:14 - User with email carson@gmail.com attempted to login with unauthorized role.
2024-09-02 19:56:23 - User with email carson@gmail.com logged in successfully.
2024-09-02 19:56:23 - User with email carson@gmail.com attempted to login with unauthorized role.
2024-09-02 20:44:00 - Failed login attempt for email carson@gmail.com due to incorrect password.
2024-09-02 20:44:14 - User with email carson@gmail.com logged in successfully.
2024-09-02 20:44:14 - User with email carson@gmail.com attempted to login with unauthorized role.
2024-09-02 21:33:25 - User with email carson@gmail.com logged in successfully.
2024-09-02 21:33:25 - User with email carson@gmail.com attempted to login with unauthorized role.
2024-09-02 21:33:54 - User with email carson@gmail.com logged in successfully.
2024-09-02 21:33:54 - User with email carson@gmail.com attempted to login with unauthorized role.
2024-09-02 21:37:03 - User with email admin@gmail.com logged in successfully.
2024-09-02 21:37:26 - User with email admin@gmail.com logged in successfully.
2024-09-05 20:40:12 - User with email felixmukhandia@gmail.com logged in successfully.
2024-09-06 00:01:58 - User with email carson@gmail.com logged in successfully.
2024-09-06 00:01:58 - User with email carson@gmail.com attempted to login with unauthorized role.
2024-09-06 00:05:12 - User with email carson@gmail.com logged in successfully.
2024-09-06 00:05:12 - User with email carson@gmail.com attempted to login with unauthorized role.
2024-09-05 19:42:57 - User with email felixmukhandia@gmail.com logged in successfully.
2024-09-05 19:42:57 - User with email felixmukhandia@gmail.com attempted to login with unauthorized role.
2024-09-05 19:45:40 - User with email felixmukhandia@gmail.com logged in successfully.
2024-09-05 19:45:40 - User with email felixmukhandia@gmail.com attempted to login with unauthorized role.
