2024-09-02 20:29:58 - User with email carson@gmail.com logged in successfully.
2024-09-02 20:29:58 - User with email carson@gmail.com attempted to login with unauthorized role.
2024-09-02 20:43:47 - User logged out. ID: 13, Name: Carson
2024-09-02 20:44:43 - User with email carson@gmail.com logged in successfully.
2024-09-02 20:44:43 - User with email carson@gmail.com attempted to login with unauthorized role.
2024-09-02 20:45:23 - User with email felixmukhandia@gmail.com logged in successfully.
2024-09-02 21:33:11 - User logged out. ID: 13, Name: Carson
2024-09-02 21:36:50 - User inserted successfully. Name: Admin, Email: admin@gmail.com, Role: superadmin
2024-09-02 21:36:57 - User logged out. ID: 13, Name: Carson
2024-09-02 21:37:10 - User logged out. ID: 14, Name: Admin
2024-09-02 21:37:43 - User with email admin@gmail.com logged in successfully.
2024-09-02 21:39:10 - User with email admin@gmail.com logged in successfully.
2024-09-03 01:12:02 - User with email carson@gmail.com logged in successfully.
2024-09-03 01:12:02 - User with email carson@gmail.com attempted to login with unauthorized role.
2024-09-04 21:53:28 - User with email felixmukhandia@gmail.com logged in successfully.
2024-09-04 22:25:30 - User with email felixmukhandia@gmail.com logged in successfully.
2024-09-05 01:03:06 - User with email felixmukhandia@gmail.com logged in successfully.
2024-09-05 19:43:22 - User with email felixmukhandia@gmail.com logged in successfully.
2024-09-05 20:39:34 - User with email carson@gmail.com logged in successfully.
2024-09-05 20:39:34 - User with email carson@gmail.com attempted to login with unauthorized role.
2024-09-05 20:40:05 - User logged out. ID: 13, Name: Carson
2024-09-05 23:34:50 - User with email carson@gmail.com logged in successfully.
2024-09-05 23:34:50 - User with email carson@gmail.com attempted to login with unauthorized role.
2024-09-05 23:35:30 - User with email felixmukhandia@gmail.com logged in successfully.
2024-09-06 00:01:51 - User logged out. ID: 13, Name: Carson
2024-09-06 00:05:06 - User logged out. ID: 13, Name: Carson
2024-09-06 00:27:11 - User with email felixmukhandia@gmail.com logged in successfully.
2024-09-06 00:27:53 - User with email felixmukhandia@gmail.com logged in successfully.
2024-09-06 00:44:28 - User with email felixmukhandia@gmail.com logged in successfully.
2024-09-06 01:24:25 - User with email felixmukhandia@gmail.com logged in successfully.
2024-09-06 01:33:43 - User with email felixmukhandia@gmail.com logged in successfully.
2024-09-06 01:34:00 - User with email felixmukhandia@gmail.com logged in successfully.
<<<<<<< HEAD
2024-09-06 18:09:23 - User with email carson@gmail.com logged in successfully.
2024-09-06 18:09:23 - User with email carson@gmail.com attempted to login with unauthorized role.
2024-09-06 18:09:23 - User logged in. ID: , Name: Carson
=======
2024-09-05 19:41:59 - User with email felixmukhandia@gmail.com logged in successfully.
2024-09-05 19:41:59 - User with email felixmukhandia@gmail.com attempted to login with unauthorized role.
2024-09-05 19:42:00 - User with email felixmukhandia@gmail.com logged in successfully.
2024-09-05 19:42:00 - User with email felixmukhandia@gmail.com attempted to login with unauthorized role.
2024-09-05 19:42:00 - User logged in. ID: , Name: fasike
2024-09-05 19:42:44 - User logged in. ID: , Name: fasike
2024-09-05 19:42:50 - User logged in. ID: , Name: fasike
2024-09-05 19:42:54 - User logged out. ID: 10, Name: fasike
2024-09-05 19:42:57 - User logged in. ID: , Name: fasike
2024-09-05 19:45:01 - User logged in. ID: , Name: fasike
2024-09-05 19:45:10 - User logged out. ID: 10, Name: fasike
2024-09-05 19:45:40 - User logged in. ID: , Name: fasike
2024-09-05 19:45:49 - User logged out. ID: 10, Name: fasike
2024-09-05 19:45:59 - User with email felixmukhandia@gmail.com logged in successfully.
2024-09-05 19:45:59 - User with email felixmukhandia@gmail.com attempted to login with unauthorized role.
2024-09-05 19:46:01 - User logged in. ID: , Name: fasike
2024-09-05 20:23:50 - User logged in. ID: , Name: fasike
2024-09-05 20:24:01 - User logged in. ID: , Name: fasike
2024-09-05 20:24:07 - User logged in. ID: , Name: fasike
2024-09-05 20:24:21 - User logged in. ID: , Name: fasike
2024-09-05 20:25:03 - User logged in. ID: , Name: fasike
2024-09-05 20:25:10 - User logged in. ID: , Name: fasike
2024-09-05 20:25:20 - User logged in. ID: , Name: fasike
2024-09-05 20:26:56 - User logged in. ID: , Name: fasike
>>>>>>> 0c2bb42d453b3a51c256469d04c86d1c7b40e839
